<?xml version="1.0" encoding="UTF-8"?>
<!-- Generated by org.testng.reporters.JUnitReportReporter -->
<testsuite skipped="0" hostname="HIBAML55072" name="stepDefinition.LoginSteps" tests="1" failures="0" timestamp="18 Jul 2020 08:04:10 GMT" time="35.239" errors="0">
  <testcase name="feature" time="35.239" classname="stepDefinition.LoginSteps"/>
</testsuite> <!-- stepDefinition.LoginSteps -->
